# JRE version: Java(TM) SE Runtime Environment (17.0.1+12) (build 17.0.1+12-LTS-39)
# Java VM: Java HotSpot(TM) 64-Bit Server VM (17.0.1+12-LTS-39, mixed mode, sharing, tiered, compressed oops, compressed class ptrs, g1 gc, bsd-amd64)
GC Precious Log:
 CPUs: 10 total, 10 available
 Memory: 16384M
 Large Page Support: Disabled
 NUMA Support: Disabled
 Compressed Oops: Enabled (Zero based)
 Heap Region Size: 2M
 Heap Min Capacity: 8M
 Heap Initial Capacity: 256M
 Heap Max Capacity: 4G
 Pre-touch: Disabled
 Parallel Workers: 9
 Concurrent Workers: 2
 Concurrent Refinement Workers: 9
 Periodic GC: Disabled
Heap:
 garbage-first heap   total 151552K, used 90638K [0x0000000700000000, 0x0000000800000000)
  region size 2048K, 20 young (40960K), 5 survivors (10240K)
 Metaspace       used 24806K, committed 25024K, reserved 1073152K
  class space    used 3520K, committed 3584K, reserved 1048576K
GC Heap History (8 events):
Event: 0.917 GC heap before
{Heap before GC invocations=0 (full 0):
 garbage-first heap   total 266240K, used 24532K [0x0000000700000000, 0x0000000800000000)
  region size 2048K, 11 young (22528K), 0 survivors (0K)
 Metaspace       used 5104K, committed 5248K, reserved 1056768K
  class space    used 515K, committed 576K, reserved 1048576K
}
Event: 0.924 GC heap after
{Heap after GC invocations=1 (full 0):
 garbage-first heap   total 266240K, used 6172K [0x0000000700000000, 0x0000000800000000)
  region size 2048K, 2 young (4096K), 2 survivors (4096K)
 Metaspace       used 5104K, committed 5248K, reserved 1056768K
  class space    used 515K, committed 576K, reserved 1048576K
}
Event: 1.998 GC heap before
{Heap before GC invocations=1 (full 0):
 garbage-first heap   total 266240K, used 57372K [0x0000000700000000, 0x0000000800000000)
  region size 2048K, 24 young (49152K), 2 survivors (4096K)
 Metaspace       used 15393K, committed 15552K, reserved 1064960K
  class space    used 2115K, committed 2176K, reserved 1048576K
}
Event: 2.012 GC heap after
{Heap after GC invocations=2 (full 0):
 garbage-first heap   total 266240K, used 23462K [0x0000000700000000, 0x0000000800000000)
  region size 2048K, 3 young (6144K), 3 survivors (6144K)
 Metaspace       used 15393K, committed 15552K, reserved 1064960K
  class space    used 2115K, committed 2176K, reserved 1048576K
}
Event: 3.756 GC heap before
{Heap before GC invocations=2 (full 0):
 garbage-first heap   total 266240K, used 70566K [0x0000000700000000, 0x0000000800000000)
  region size 2048K, 25 young (51200K), 3 survivors (6144K)
 Metaspace       used 21383K, committed 21504K, reserved 1073152K
  class space    used 3187K, committed 3264K, reserved 1048576K
}
Event: 3.770 GC heap after
{Heap after GC invocations=3 (full 0):
 garbage-first heap   total 266240K, used 38922K [0x0000000700000000, 0x0000000800000000)
  region size 2048K, 5 young (10240K), 5 survivors (10240K)
 Metaspace       used 21383K, committed 21504K, reserved 1073152K
  class space    used 3187K, committed 3264K, reserved 1048576K
}
Event: 11.100 GC heap before
{Heap before GC invocations=4 (full 0):
 garbage-first heap   total 151552K, used 108554K [0x0000000700000000, 0x0000000800000000)
  region size 2048K, 36 young (73728K), 5 survivors (10240K)
 Metaspace       used 24727K, committed 24960K, reserved 1073152K
  class space    used 3510K, committed 3584K, reserved 1048576K
}
Event: 11.125 GC heap after
{Heap after GC invocations=5 (full 0):
 garbage-first heap   total 151552K, used 57870K [0x0000000700000000, 0x0000000800000000)
  region size 2048K, 5 young (10240K), 5 survivors (10240K)
 Metaspace       used 24727K, committed 24960K, reserved 1073152K
  class space    used 3510K, committed 3584K, reserved 1048576K
}

